01/06/2021, 16:02:04 - INFO - Server is running on port: 3030 
01/06/2021, 16:23:15 - INFO - Server is running on port: 3030 
01/06/2021, 16:23:20 - INFO - Server is running on port: 3030 
01/06/2021, 16:26:11 - INFO - Server is running on port: 3030 
01/06/2021, 16:34:26 - INFO - Server is running on port: 3030 
01/06/2021, 16:37:11 - INFO - Server is running on port: 3030 
01/06/2021, 16:37:50 - INFO - Server is running on port: 3030 
01/06/2021, 16:39:19 - INFO - Server is running on port: 3030 
01/06/2021, 16:39:45 - INFO - Server is running on port: 3030 
01/06/2021, 16:40:00 - INFO - Server is running on port: 3030 
01/06/2021, 16:40:30 - INFO - Server is running on port: 3030 
01/06/2021, 16:41:44 - INFO - Server is running on port: 3030 
01/06/2021, 16:42:12 - INFO - Server is running on port: 3030 
01/06/2021, 17:37:05 - INFO - Server is running on port: 3030 
01/06/2021, 18:13:22 - INFO - Server is running on port: 3030 
01/06/2021, 18:24:39 - ERROR - cannot update board b102 | {} (sid: QR9H-ZVLAGRAscDdCryoIy_VOkkZCMXZ)
01/06/2021, 18:24:39 - ERROR - Failed to update board | {} (sid: QR9H-ZVLAGRAscDdCryoIy_VOkkZCMXZ)
01/06/2021, 18:29:38 - ERROR - cannot update board b102 | {} (sid: QR9H-ZVLAGRAscDdCryoIy_VOkkZCMXZ)
01/06/2021, 18:29:38 - ERROR - Failed to update board | {} (sid: QR9H-ZVLAGRAscDdCryoIy_VOkkZCMXZ)
01/06/2021, 18:30:20 - INFO - Server is running on port: 3030 
01/06/2021, 18:30:26 - ERROR - cannot update board b102 | {} (sid: _KQo4trmqh-eXkltznWnwssB5dJRlbwp)
01/06/2021, 18:30:26 - ERROR - Failed to update board | {} (sid: _KQo4trmqh-eXkltznWnwssB5dJRlbwp)
01/06/2021, 18:31:04 - INFO - Server is running on port: 3030 
01/06/2021, 18:31:08 - ERROR - cannot update board b102 | {} (sid: 2fNQhWlPltCZEdlb3zakZcAi_SlEJHsk)
01/06/2021, 18:31:08 - ERROR - Failed to update board | {} (sid: 2fNQhWlPltCZEdlb3zakZcAi_SlEJHsk)
01/06/2021, 18:31:16 - ERROR - cannot update board b102 | {} (sid: 2fNQhWlPltCZEdlb3zakZcAi_SlEJHsk)
01/06/2021, 18:31:16 - ERROR - Failed to update board | {} (sid: 2fNQhWlPltCZEdlb3zakZcAi_SlEJHsk)
01/06/2021, 18:32:03 - INFO - Server is running on port: 3030 
01/06/2021, 18:32:05 - ERROR - cannot update board b102 | {} (sid: N2pf5BcpUmxrMNchC9zb7Rx338ebDDnw)
01/06/2021, 18:32:05 - ERROR - Failed to update board | {} (sid: N2pf5BcpUmxrMNchC9zb7Rx338ebDDnw)
01/06/2021, 18:40:07 - INFO - Server is running on port: 3030 
01/06/2021, 18:44:31 - INFO - Server is running on port: 3030 
01/06/2021, 18:49:01 - INFO - Server is running on port: 3030 
01/06/2021, 18:59:54 - INFO - Server is running on port: 3030 
01/06/2021, 19:00:12 - ERROR - while finding board l19Ngc | {} (sid: VrSG84h5E_WGLg18iTob477oVZR7tH-P)
01/06/2021, 19:00:12 - ERROR - Failed to get board | {} (sid: VrSG84h5E_WGLg18iTob477oVZR7tH-P)
01/06/2021, 19:04:33 - ERROR - while finding board NTldpt | {} (sid: VrSG84h5E_WGLg18iTob477oVZR7tH-P)
01/06/2021, 19:04:33 - ERROR - Failed to get board | {} (sid: VrSG84h5E_WGLg18iTob477oVZR7tH-P)
01/06/2021, 19:05:12 - INFO - Server is running on port: 3030 
01/06/2021, 19:05:32 - ERROR - while finding board NTldpt | {} (sid: aSsCFdOUIA3ttpku7AtfWVQtChtSNo3l)
01/06/2021, 19:05:32 - ERROR - Failed to get board | {} (sid: aSsCFdOUIA3ttpku7AtfWVQtChtSNo3l)
01/06/2021, 19:05:43 - ERROR - while finding board NTldpt | {} (sid: aSsCFdOUIA3ttpku7AtfWVQtChtSNo3l)
01/06/2021, 19:05:43 - ERROR - Failed to get board | {} (sid: aSsCFdOUIA3ttpku7AtfWVQtChtSNo3l)
01/06/2021, 20:44:06 - ERROR - while finding board undefined | {} (sid: aSsCFdOUIA3ttpku7AtfWVQtChtSNo3l)
01/06/2021, 20:44:06 - ERROR - Failed to get board | {} (sid: aSsCFdOUIA3ttpku7AtfWVQtChtSNo3l)
01/06/2021, 20:45:53 - ERROR - while finding board undefined | {} (sid: aSsCFdOUIA3ttpku7AtfWVQtChtSNo3l)
01/06/2021, 20:45:53 - ERROR - Failed to get board | {} (sid: aSsCFdOUIA3ttpku7AtfWVQtChtSNo3l)
01/06/2021, 20:47:45 - ERROR - while finding board undefined | {} (sid: aSsCFdOUIA3ttpku7AtfWVQtChtSNo3l)
01/06/2021, 20:47:45 - ERROR - Failed to get board | {} (sid: aSsCFdOUIA3ttpku7AtfWVQtChtSNo3l)
01/06/2021, 20:48:22 - ERROR - while finding board undefined | {} (sid: aSsCFdOUIA3ttpku7AtfWVQtChtSNo3l)
01/06/2021, 20:48:22 - ERROR - Failed to get board | {} (sid: aSsCFdOUIA3ttpku7AtfWVQtChtSNo3l)
01/06/2021, 21:30:33 - INFO - Server is running on port: 3030 
01/06/2021, 21:30:51 - INFO - Server is running on port: 3030 
01/06/2021, 21:36:31 - INFO - Server is running on port: 3030 
01/06/2021, 21:36:44 - INFO - Server is running on port: 3030 
01/06/2021, 22:31:09 - ERROR - cannot find boards service | {} (sid: zF2cEMHde9ekLFZwkRxCaLR8C427sDL6)
01/06/2021, 22:31:09 - ERROR - Failed to get boards controller | {} (sid: zF2cEMHde9ekLFZwkRxCaLR8C427sDL6)
01/06/2021, 22:31:18 - ERROR - cannot find boards service | {} (sid: zF2cEMHde9ekLFZwkRxCaLR8C427sDL6)
01/06/2021, 22:31:18 - ERROR - Failed to get boards controller | {} (sid: zF2cEMHde9ekLFZwkRxCaLR8C427sDL6)
01/06/2021, 22:33:36 - INFO - Server is running on port: 3030 
01/06/2021, 22:33:42 - INFO - Server is running on port: 3030 
01/06/2021, 22:33:48 - ERROR - cannot find boards service | {} (sid: kG_YMIlJ-kR6EIBWM4XzUg1y-seC3VQr)
01/06/2021, 22:33:48 - ERROR - Failed to get boards controller | {} (sid: kG_YMIlJ-kR6EIBWM4XzUg1y-seC3VQr)
01/06/2021, 22:34:10 - INFO - Server is running on port: 3030 
01/06/2021, 22:35:08 - INFO - Server is running on port: 3030 
01/06/2021, 22:35:12 - ERROR - cannot find boards service | {} (sid: 6drcw6mMUwrlRGT8OXFLurVXMTkmwg88)
01/06/2021, 22:35:12 - ERROR - Failed to get boards controller | {} (sid: 6drcw6mMUwrlRGT8OXFLurVXMTkmwg88)
01/06/2021, 22:38:05 - ERROR - cannot find boards service | {} (sid: 6drcw6mMUwrlRGT8OXFLurVXMTkmwg88)
01/06/2021, 22:38:05 - ERROR - Failed to get boards controller | {} (sid: 6drcw6mMUwrlRGT8OXFLurVXMTkmwg88)
01/06/2021, 22:38:07 - ERROR - cannot find boards service | {} (sid: 6drcw6mMUwrlRGT8OXFLurVXMTkmwg88)
01/06/2021, 22:38:07 - ERROR - Failed to get boards controller | {} (sid: 6drcw6mMUwrlRGT8OXFLurVXMTkmwg88)
01/06/2021, 22:38:49 - INFO - Server is running on port: 3030 
01/06/2021, 22:39:40 - INFO - Server is running on port: 3030 
01/06/2021, 22:42:09 - ERROR - cannot find boards service | {} (sid: bEQakM61DUqdfK5dwknZQ8i38XOjxIrs)
01/06/2021, 22:42:09 - ERROR - Failed to get boards controller | {} (sid: bEQakM61DUqdfK5dwknZQ8i38XOjxIrs)
01/06/2021, 22:44:12 - ERROR - cannot find boards service | {} (sid: bEQakM61DUqdfK5dwknZQ8i38XOjxIrs)
01/06/2021, 22:44:12 - ERROR - Failed to get boards controller | {} (sid: bEQakM61DUqdfK5dwknZQ8i38XOjxIrs)
01/06/2021, 22:44:19 - ERROR - cannot find boards service | {} (sid: bEQakM61DUqdfK5dwknZQ8i38XOjxIrs)
01/06/2021, 22:44:19 - ERROR - Failed to get boards controller | {} (sid: bEQakM61DUqdfK5dwknZQ8i38XOjxIrs)
01/06/2021, 22:46:15 - INFO - Server is running on port: 3030 
01/06/2021, 22:46:24 - ERROR - cannot find boards service | {} (sid: K6NPjLH6p69GAbMTz6OjSBsUPsuC7EZQ)
01/06/2021, 22:46:25 - ERROR - Failed to get boards controller | {} (sid: K6NPjLH6p69GAbMTz6OjSBsUPsuC7EZQ)
01/06/2021, 22:46:33 - ERROR - cannot find boards service | {} (sid: K6NPjLH6p69GAbMTz6OjSBsUPsuC7EZQ)
01/06/2021, 22:46:33 - ERROR - Failed to get boards controller | {} (sid: K6NPjLH6p69GAbMTz6OjSBsUPsuC7EZQ)
01/06/2021, 22:47:31 - INFO - Server is running on port: 3030 
01/06/2021, 22:47:37 - ERROR - cannot find boards service | {} (sid: Fyt1YAWuWEs1DESjMuYo-Kj4mRzMojFw)
01/06/2021, 22:47:37 - ERROR - Failed to get boards controller | {} (sid: Fyt1YAWuWEs1DESjMuYo-Kj4mRzMojFw)
01/06/2021, 22:48:14 - INFO - Server is running on port: 3030 
01/06/2021, 22:52:24 - INFO - Server is running on port: 3030 
01/06/2021, 22:52:47 - INFO - Server is running on port: 3030 
01/06/2021, 22:53:28 - INFO - Server is running on port: 3030 
01/06/2021, 22:53:55 - INFO - Server is running on port: 3030 
01/06/2021, 22:59:48 - INFO - Server is running on port: 3030 
01/06/2021, 22:59:56 - ERROR - cannot find boards service | {} (sid: FpC9I_7DSDfr3Yjln7lb6TC7NHqisNj7)
01/06/2021, 22:59:56 - ERROR - Failed to get boards controller | {} (sid: FpC9I_7DSDfr3Yjln7lb6TC7NHqisNj7)
01/06/2021, 23:00:16 - ERROR - cannot find boards service | {} (sid: FpC9I_7DSDfr3Yjln7lb6TC7NHqisNj7)
01/06/2021, 23:00:16 - ERROR - Failed to get boards controller | {} (sid: FpC9I_7DSDfr3Yjln7lb6TC7NHqisNj7)
01/06/2021, 23:01:44 - INFO - Server is running on port: 3030 
01/06/2021, 23:02:11 - INFO - Server is running on port: 3030 
01/06/2021, 23:02:38 - INFO - Server is running on port: 3030 
01/06/2021, 23:06:58 - INFO - Server is running on port: 3030 
02/06/2021, 10:21:23 - INFO - Server is running on port: 3030 
02/06/2021, 11:00:41 - INFO - Server is running on port: 3030 
02/06/2021, 12:36:45 - INFO - Server is running on port: 3030 
02/06/2021, 12:37:02 - INFO - Server is running on port: 3030 
02/06/2021, 12:40:25 - INFO - Server is running on port: 3030 
02/06/2021, 12:40:31 - ERROR - cannot find boards service | {} (sid: TbCupw875m9tKJK5AJumiGAFEiFyFEyI)
02/06/2021, 12:40:31 - ERROR - Failed to get boards controller | {} (sid: TbCupw875m9tKJK5AJumiGAFEiFyFEyI)
02/06/2021, 12:49:24 - ERROR - cannot find boards service | {} (sid: TbCupw875m9tKJK5AJumiGAFEiFyFEyI)
02/06/2021, 12:51:05 - ERROR - Failed to get boards controller | {} (sid: TbCupw875m9tKJK5AJumiGAFEiFyFEyI)
02/06/2021, 12:51:05 - ERROR - cannot find boards service | {} (sid: TbCupw875m9tKJK5AJumiGAFEiFyFEyI)
02/06/2021, 12:51:05 - ERROR - Failed to get boards controller | {} (sid: TbCupw875m9tKJK5AJumiGAFEiFyFEyI)
02/06/2021, 12:51:07 - INFO - Server is running on port: 3030 
02/06/2021, 12:51:25 - INFO - Server is running on port: 3030 
02/06/2021, 12:51:31 - ERROR - cannot find boards service | {} (sid: eZKcQ2Vd_p64PllmxKpu8oAsUqCka1Gn)
02/06/2021, 12:51:31 - ERROR - Failed to get boards controller | {} (sid: eZKcQ2Vd_p64PllmxKpu8oAsUqCka1Gn)
02/06/2021, 12:52:15 - INFO - Server is running on port: 3030 
02/06/2021, 12:52:21 - ERROR - cannot find boards service | {} (sid: BAyId_X19-EwLVeHxRiIK8geJ9FJ9UoM)
02/06/2021, 12:52:21 - ERROR - Failed to get boards controller | {} (sid: BAyId_X19-EwLVeHxRiIK8geJ9FJ9UoM)
02/06/2021, 12:55:25 - INFO - Server is running on port: 3030 
02/06/2021, 12:55:40 - INFO - Server is running on port: 3030 
02/06/2021, 12:55:58 - ERROR - cannot find boards service | {} (sid: xq09KYikGIFlKBavSpKvfZGkojxzRSQ_)
02/06/2021, 12:55:58 - ERROR - Failed to get boards controller | {} (sid: xq09KYikGIFlKBavSpKvfZGkojxzRSQ_)
02/06/2021, 13:01:15 - ERROR - cannot find boards service | {} (sid: wSrF169oV_XDlF5VePEyxnbPKIcJLvHS)
02/06/2021, 13:01:15 - ERROR - Failed to get boards controller | {} (sid: wSrF169oV_XDlF5VePEyxnbPKIcJLvHS)
02/06/2021, 13:08:10 - ERROR - cannot find boards service | {} (sid: wSrF169oV_XDlF5VePEyxnbPKIcJLvHS)
02/06/2021, 13:08:10 - ERROR - Failed to get boards controller | {} (sid: wSrF169oV_XDlF5VePEyxnbPKIcJLvHS)
02/06/2021, 13:11:39 - INFO - Server is running on port: 3030 
02/06/2021, 13:11:45 - INFO - Server is running on port: 3030 
02/06/2021, 13:12:50 - INFO - Server is running on port: 3030 
02/06/2021, 13:17:44 - INFO - Server is running on port: 3030 
02/06/2021, 13:17:52 - INFO - Server is running on port: 3030 
02/06/2021, 13:18:04 - INFO - Server is running on port: 3030 
02/06/2021, 13:18:39 - INFO - Server is running on port: 3030 
02/06/2021, 13:19:37 - INFO - Server is running on port: 3030 
02/06/2021, 15:21:43 - INFO - Server is running on port: 3030 
02/06/2021, 15:22:50 - INFO - Server is running on port: 3030 
02/06/2021, 19:52:21 - INFO - Server is running on port: 3030 
02/06/2021, 19:54:16 - INFO - Server is running on port: 3030 
<<<<<<< HEAD
3.6.2021, 12:33:56 - INFO - Server is running on port: 3030 
3.6.2021, 16:10:08 - INFO - Server is running on port: 3030 
3.6.2021, 17:25:41 - INFO - Server is running on port: 3030 
3.6.2021, 17:47:14 - ERROR - while finding board b101 | {} (sid: -Hrv8NlVaRwfnYtzyoanhAZ5yOPAMv_x)
3.6.2021, 17:47:15 - ERROR - Failed to get board | {} (sid: -Hrv8NlVaRwfnYtzyoanhAZ5yOPAMv_x)
3.6.2021, 17:48:14 - ERROR - while finding board b101 | {} (sid: -Hrv8NlVaRwfnYtzyoanhAZ5yOPAMv_x)
3.6.2021, 17:48:14 - ERROR - Failed to get board | {} (sid: -Hrv8NlVaRwfnYtzyoanhAZ5yOPAMv_x)
3.6.2021, 18:07:26 - ERROR - while finding board b101 | {} (sid: -Hrv8NlVaRwfnYtzyoanhAZ5yOPAMv_x)
3.6.2021, 18:07:26 - ERROR - Failed to get board | {} (sid: -Hrv8NlVaRwfnYtzyoanhAZ5yOPAMv_x)
3.6.2021, 18:31:30 - ERROR - while finding board b102 | {} (sid: -Hrv8NlVaRwfnYtzyoanhAZ5yOPAMv_x)
3.6.2021, 18:31:30 - ERROR - Failed to get board | {} (sid: -Hrv8NlVaRwfnYtzyoanhAZ5yOPAMv_x)
3.6.2021, 18:31:52 - ERROR - while finding board b102 | {} (sid: -Hrv8NlVaRwfnYtzyoanhAZ5yOPAMv_x)
3.6.2021, 18:31:52 - ERROR - Failed to get board | {} (sid: -Hrv8NlVaRwfnYtzyoanhAZ5yOPAMv_x)
3.6.2021, 18:32:00 - ERROR - while finding board b101 | {} (sid: -Hrv8NlVaRwfnYtzyoanhAZ5yOPAMv_x)
3.6.2021, 18:32:00 - ERROR - Failed to get board | {} (sid: -Hrv8NlVaRwfnYtzyoanhAZ5yOPAMv_x)
3.6.2021, 20:39:03 - INFO - Server is running on port: 3030 
3.6.2021, 20:50:48 - INFO - Server is running on port: 3030 
3.6.2021, 20:52:28 - INFO - Server is running on port: 3030 
3.6.2021, 20:52:48 - INFO - Server is running on port: 3030 
3.6.2021, 23:31:06 - INFO - Server is running on port: 3030 
3.6.2021, 23:31:28 - DEBUG - auth.service - login with username: undefined (sid: dy9dvBqGbPshWPLAh0j0TKVwsAZRlC8p)
3.6.2021, 23:36:31 - DEBUG - auth.service - login with username: undefined (sid: dy9dvBqGbPshWPLAh0j0TKVwsAZRlC8p)
3.6.2021, 23:36:32 - ERROR - Failed to Login Invalid username or password (sid: dy9dvBqGbPshWPLAh0j0TKVwsAZRlC8p)
3.6.2021, 23:37:37 - INFO - Server is running on port: 3030 
3.6.2021, 23:37:47 - DEBUG - auth.service - login with username: undefined (sid: KsUxqGjThXPb8tPR26ilJqI1wvaHXT6v)
3.6.2021, 23:37:47 - ERROR - Failed to Login Invalid username or password (sid: KsUxqGjThXPb8tPR26ilJqI1wvaHXT6v)
3.6.2021, 23:38:25 - INFO - Server is running on port: 3030 
3.6.2021, 23:38:38 - DEBUG - auth.service - login with username: undefined (sid: xVR6AOvQ7xOrMvGbcWXHT7e0tGOy4UFm)
3.6.2021, 23:38:38 - ERROR - Failed to Login Invalid username or password (sid: xVR6AOvQ7xOrMvGbcWXHT7e0tGOy4UFm)
3.6.2021, 23:39:59 - INFO - Server is running on port: 3030 
3.6.2021, 23:40:39 - DEBUG - auth.service - signup with username: gali, fullname: gal nelken (sid: _47IPvfvF2LQ2qxxHIiQUEGC56j3bA3x)
3.6.2021, 23:40:39 - DEBUG - auth.route - new account created: {"username":"gali","password":"$2b$10$I4uF.HhKFF3pF8UnF8MQPOnPf4dHi8RyM9dlfg0BnDK3SFEuBNO6W","fullname":"gal nelken","score":0,"_id":"60b93e475d635615fc81580b"} (sid: _47IPvfvF2LQ2qxxHIiQUEGC56j3bA3x)
3.6.2021, 23:40:39 - DEBUG - auth.service - login with username: gali (sid: _47IPvfvF2LQ2qxxHIiQUEGC56j3bA3x)
3.6.2021, 23:43:14 - INFO - Server is running on port: 3030 
3.6.2021, 23:45:57 - INFO - Server is running on port: 3030 
3.6.2021, 23:49:38 - INFO - Server is running on port: 3030 
3.6.2021, 23:49:54 - ERROR - Failed to Login ReferenceError: username is not defined (sid: sdE8519Eexhn76HB7vwJzGD2p4eHpe8J)
4.6.2021, 0:01:02 - ERROR - Failed to Login ReferenceError: username is not defined (sid: sdE8519Eexhn76HB7vwJzGD2p4eHpe8J)
4.6.2021, 0:01:44 - INFO - Server is running on port: 3030 
4.6.2021, 0:02:01 - ERROR - Failed to Login ReferenceError: username is not defined (sid: NMUJ3UfqPM0npX0XOvyp9khi2K3f5oxx)
4.6.2021, 0:27:43 - INFO - Server is running on port: 3030 
4.6.2021, 0:29:53 - INFO - Server is running on port: 3030 
4.6.2021, 0:32:06 - INFO - Server is running on port: 3030 
4.6.2021, 0:32:24 - INFO - Server is running on port: 3030 
4.6.2021, 0:33:09 - ERROR - Failed to Login ReferenceError: username is not defined (sid: xzxZ_KzPKMrAqxtyCyEbZGEEfEJp9JVK)
4.6.2021, 0:33:25 - INFO - Server is running on port: 3030 
4.6.2021, 0:33:38 - INFO - Server is running on port: 3030 
4.6.2021, 0:33:46 - ERROR - Failed to Login ReferenceError: username is not defined (sid: Msc_B9t_h56--n-uQoGDb_xal9O2Z4P3)
4.6.2021, 0:35:55 - INFO - Server is running on port: 3030 
4.6.2021, 0:36:00 - DEBUG - auth.service - login with username/email: gagagaga@gaga.ga (sid: TrJy0rWX0o3wGbNwtrA7aa1b4wj_WJyK)
4.6.2021, 0:36:01 - ERROR - Failed to Login Invalid username or password (sid: TrJy0rWX0o3wGbNwtrA7aa1b4wj_WJyK)
4.6.2021, 0:36:22 - DEBUG - auth.service - login with username/email: gali (sid: TrJy0rWX0o3wGbNwtrA7aa1b4wj_WJyK)
4.6.2021, 0:37:04 - INFO - Server is running on port: 3030 
4.6.2021, 0:38:04 - DEBUG - auth.service - signup with username: jojo, fullname: jojo halastra (sid: J925z8uWbaY4gZI_7LVGvh-xSaCY3sWr)
4.6.2021, 0:38:04 - ERROR - Failed to signup ReferenceError: email is not defined (sid: J925z8uWbaY4gZI_7LVGvh-xSaCY3sWr)
4.6.2021, 0:38:25 - DEBUG - auth.service - login with username/email: jojo@fafa.pip (sid: J925z8uWbaY4gZI_7LVGvh-xSaCY3sWr)
4.6.2021, 0:38:25 - ERROR - Failed to Login Invalid username or password (sid: J925z8uWbaY4gZI_7LVGvh-xSaCY3sWr)
4.6.2021, 0:38:55 - INFO - Server is running on port: 3030 
4.6.2021, 0:39:15 - DEBUG - auth.service - login with username/email: jojo@fafa.pip (sid: 7aCAmLT74fZ51L4s39BioplvIED-hmaS)
4.6.2021, 0:39:15 - ERROR - Failed to Login Invalid username or password (sid: 7aCAmLT74fZ51L4s39BioplvIED-hmaS)
4.6.2021, 0:39:44 - DEBUG - auth.service - login with username/email: jojo@fafa.pip (sid: 7aCAmLT74fZ51L4s39BioplvIED-hmaS)
4.6.2021, 0:39:44 - ERROR - Failed to Login Invalid username or password (sid: 7aCAmLT74fZ51L4s39BioplvIED-hmaS)
4.6.2021, 0:41:42 - INFO - Server is running on port: 3030 
4.6.2021, 0:42:05 - INFO - Server is running on port: 3030 
4.6.2021, 0:42:56 - DEBUG - auth.service - signup with username: jojo, fullname: jojo halastra (sid: Ntuoaw2ajTrlqamWP-NAHDXKGdxM1gWa)
4.6.2021, 0:42:56 - ERROR - Failed to signup ReferenceError: email is not defined (sid: Ntuoaw2ajTrlqamWP-NAHDXKGdxM1gWa)
4.6.2021, 0:43:06 - DEBUG - auth.service - login with username/email: jojo (sid: Ntuoaw2ajTrlqamWP-NAHDXKGdxM1gWa)
4.6.2021, 0:43:07 - ERROR - Failed to Login Invalid username/email or password (sid: Ntuoaw2ajTrlqamWP-NAHDXKGdxM1gWa)
4.6.2021, 0:45:19 - INFO - Server is running on port: 3030 
4.6.2021, 0:46:20 - INFO - Server is running on port: 3030 
4.6.2021, 0:46:34 - INFO - Server is running on port: 3030 
4.6.2021, 0:48:09 - INFO - Server is running on port: 3030 
4.6.2021, 0:48:15 - INFO - Server is running on port: 3030 
4.6.2021, 0:48:48 - INFO - Server is running on port: 3030 
4.6.2021, 0:49:16 - DEBUG - auth.service - signup with username: jojo, fullname: jojo halastra,email: jojo@fafa.pip, imgUrl:  (sid: NecJe3QRRX6r0NarD0QIG7vwk_y_MfeY)
4.6.2021, 0:49:16 - DEBUG - auth.route - new account created: {"fullname":"jojo halastra","username":"jojo","email":"jojo@fafa.pip","imgUrl":"","password":"$2b$10$mnf1MDOARmwGYWdKQx6LYuCIGnlGg2/ffQbVtLswJAVqYlpaniXKC","_id":"60b94e5c2065702714d720c9"} (sid: NecJe3QRRX6r0NarD0QIG7vwk_y_MfeY)
4.6.2021, 0:49:16 - DEBUG - auth.service - login with username/email: jojo (sid: NecJe3QRRX6r0NarD0QIG7vwk_y_MfeY)
4.6.2021, 0:49:29 - DEBUG - auth.service - login with username/email: jojo@fafa.pip (sid: 88XxIGj-oG0_4cZNDjfKMG_Z_dvSJeXE)
4.6.2021, 0:49:44 - DEBUG - auth.service - login with username/email: jojo@fafa.pips (sid: fP1Cb4UFfLx1ZgfZQ9sCWW5-JtgjZ4WW)
4.6.2021, 0:49:44 - ERROR - Failed to Login Invalid username/email or password (sid: fP1Cb4UFfLx1ZgfZQ9sCWW5-JtgjZ4WW)
4.6.2021, 0:49:59 - DEBUG - auth.service - login with username/email: jojo@fafa.pip (sid: fP1Cb4UFfLx1ZgfZQ9sCWW5-JtgjZ4WW)
4.6.2021, 1:17:01 - DEBUG - auth.service - signup with username: Gali, fullname: Gal Nelken,email: gali@google.com, imgUrl:  (sid: DN-KKs38JVRLEHNaMUmMOMDOiDc1IdUp)
4.6.2021, 1:17:01 - DEBUG - auth.route - new account created: {"fullname":"Gal Nelken","username":"Gali","email":"gali@google.com","imgUrl":"","password":"$2b$10$akD5uNWm44/XAKC3xax2dOpZbG.mNXgUHWrHeU5RIunQ1cVhWHjPS","_id":"60b954dd2065702714d720ca"} (sid: DN-KKs38JVRLEHNaMUmMOMDOiDc1IdUp)
4.6.2021, 1:17:01 - DEBUG - auth.service - login with username/email: Gali (sid: DN-KKs38JVRLEHNaMUmMOMDOiDc1IdUp)
=======
03/06/2021, 20:03:06 - ERROR - while finding board undefined | {} (sid: RI9M15y-PXcLOqfU7Rk9_WeHaVOWrGq_)
03/06/2021, 20:03:06 - ERROR - Failed to get board | {} (sid: RI9M15y-PXcLOqfU7Rk9_WeHaVOWrGq_)
03/06/2021, 22:03:02 - INFO - Server is running on port: 3030 
03/06/2021, 22:03:40 - INFO - Server is running on port: 3030 
03/06/2021, 22:04:50 - INFO - Server is running on port: 3030 
03/06/2021, 22:09:11 - INFO - Server is running on port: 3030 
03/06/2021, 22:09:57 - INFO - Server is running on port: 3030 
03/06/2021, 22:10:30 - INFO - Server is running on port: 3030 
03/06/2021, 22:10:35 - INFO - Server is running on port: 3030 
03/06/2021, 22:10:38 - INFO - Server is running on port: 3030 
03/06/2021, 22:20:04 - INFO - Server is running on port: 3030 
03/06/2021, 22:20:33 - INFO - Server is running on port: 3030 
03/06/2021, 22:20:47 - INFO - Server is running on port: 3030 
03/06/2021, 22:44:44 - INFO - Server is running on port: 3030 
03/06/2021, 22:51:12 - INFO - Server is running on port: 3030 
03/06/2021, 22:52:15 - INFO - Server is running on port: 3030 
03/06/2021, 23:00:14 - INFO - Server is running on port: 3030 
03/06/2021, 23:02:47 - INFO - Server is running on port: 3030 
03/06/2021, 23:03:34 - INFO - Server is running on port: 3030 
03/06/2021, 23:08:36 - INFO - Server is running on port: 3030 
03/06/2021, 23:09:16 - INFO - Server is running on port: 3030 
03/06/2021, 23:14:41 - INFO - Server is running on port: 3030 
03/06/2021, 23:35:05 - INFO - Server is running on port: 3030 
>>>>>>> 505599f1529de53a59645b1f892155e26cdd5494
